This is pdfTeX, Version 3.14159265-2.6-1.40.18 (MiKTeX 2.9.6500 64-bit) (preloaded format=pdflatex 2019.3.13)  25 AUG 2019 16:31
entering extended mode
**./bachelor.tex
(bachelor.tex
LaTeX2e <2017-04-15>
Babel <3.15> and hyphenation patterns for 76 language(s) loaded.
("C:\Program Files\MiKTeX 2.9\tex\latex\base\book.cls"
Document Class: book 2014/09/29 v1.4h Standard LaTeX document class
("C:\Program Files\MiKTeX 2.9\tex\latex\base\bk12.clo"
File: bk12.clo 2014/09/29 v1.4h Standard LaTeX file (size option)
)
\c@part=\count79
\c@chapter=\count80
\c@section=\count81
\c@subsection=\count82
\c@subsubsection=\count83
\c@paragraph=\count84
\c@subparagraph=\count85
\c@figure=\count86
\c@table=\count87
\abovecaptionskip=\skip41
\belowcaptionskip=\skip42
\bibindent=\dimen102
)
("C:\Program Files\MiKTeX 2.9\tex\latex\preprint\fullpage.sty"
Package: fullpage 1999/02/23 1.1 (PWD)
\FP@margin=\skip43
)
("C:\Program Files\MiKTeX 2.9\tex\latex\setspace\setspace.sty"
Package: setspace 2011/12/19 v6.7a set line spacing
)
("C:\Program Files\MiKTeX 2.9\tex\latex\doublestroke\dsfont.sty"
Package: dsfont 1995/08/01 v0.1 Double stroke roman fonts
)
("C:\Program Files\MiKTeX 2.9\tex\latex\amsmath\amsmath.sty"
Package: amsmath 2017/09/02 v2.17a AMS math features
\@mathmargin=\skip44

For additional information on amsmath, use the `?' option.
("C:\Program Files\MiKTeX 2.9\tex\latex\amsmath\amstext.sty"
Package: amstext 2000/06/29 v2.01 AMS text

("C:\Program Files\MiKTeX 2.9\tex\latex\amsmath\amsgen.sty"
File: amsgen.sty 1999/11/30 v2.0 generic functions
\@emptytoks=\toks14
\ex@=\dimen103
))
("C:\Program Files\MiKTeX 2.9\tex\latex\amsmath\amsbsy.sty"
Package: amsbsy 1999/11/29 v1.2d Bold Symbols
\pmbraise@=\dimen104
)
("C:\Program Files\MiKTeX 2.9\tex\latex\amsmath\amsopn.sty"
Package: amsopn 2016/03/08 v2.02 operator names
)
\inf@bad=\count88
LaTeX Info: Redefining \frac on input line 213.
\uproot@=\count89
\leftroot@=\count90
LaTeX Info: Redefining \overline on input line 375.
\classnum@=\count91
\DOTSCASE@=\count92
LaTeX Info: Redefining \ldots on input line 472.
LaTeX Info: Redefining \dots on input line 475.
LaTeX Info: Redefining \cdots on input line 596.
\Mathstrutbox@=\box26
\strutbox@=\box27
\big@size=\dimen105
LaTeX Font Info:    Redeclaring font encoding OML on input line 712.
LaTeX Font Info:    Redeclaring font encoding OMS on input line 713.
\macc@depth=\count93
\c@MaxMatrixCols=\count94
\dotsspace@=\muskip10
\c@parentequation=\count95
\dspbrk@lvl=\count96
\tag@help=\toks15
\row@=\count97
\column@=\count98
\maxfields@=\count99
\andhelp@=\toks16
\eqnshift@=\dimen106
\alignsep@=\dimen107
\tagshift@=\dimen108
\tagwidth@=\dimen109
\totwidth@=\dimen110
\lineht@=\dimen111
\@envbody=\toks17
\multlinegap=\skip45
\multlinetaggap=\skip46
\mathdisplay@stack=\toks18
LaTeX Info: Redefining \[ on input line 2817.
LaTeX Info: Redefining \] on input line 2818.
)
("C:\Program Files\MiKTeX 2.9\tex\latex\csquotes\csquotes.sty"
Package: csquotes 2017/03/11 v5.2b context-sensitive quotations (JAW)

("C:\Program Files\MiKTeX 2.9\tex\latex\etoolbox\etoolbox.sty"
Package: etoolbox 2017/11/22 v2.5 e-TeX tools for LaTeX (JAW)
\etb@tempcnta=\count100
)
("C:\Program Files\MiKTeX 2.9\tex\latex\graphics\keyval.sty"
Package: keyval 2014/10/28 v1.15 key=value parser (DPC)
\KV@toks@=\toks19
)
\csq@reset=\count101
\csq@gtype=\count102
\csq@glevel=\count103
\csq@qlevel=\count104
\csq@maxlvl=\count105
\csq@tshold=\count106
\csq@ltx@everypar=\toks20

("C:\Program Files\MiKTeX 2.9\tex\latex\csquotes\csquotes.def"
File: csquotes.def 2017/03/11 v5.2b csquotes generic definitions (JAW)
)
Package csquotes Info: Trying to load configuration file 'csquotes.cfg'...
Package csquotes Info: ... configuration file loaded successfully.

("C:\Program Files\MiKTeX 2.9\tex\latex\csquotes\csquotes.cfg"
File: csquotes.cfg 
))
("C:\Program Files\MiKTeX 2.9\tex\latex\geometry\geometry.sty"
Package: geometry 2010/09/12 v5.6 Page Geometry

("C:\Program Files\MiKTeX 2.9\tex\generic\oberdiek\ifpdf.sty"
Package: ifpdf 2017/03/15 v3.2 Provides the ifpdf switch
)
("C:\Program Files\MiKTeX 2.9\tex\generic\oberdiek\ifvtex.sty"
Package: ifvtex 2016/05/16 v1.6 Detect VTeX and its facilities (HO)
Package ifvtex Info: VTeX not detected.
)
("C:\Program Files\MiKTeX 2.9\tex\generic\ifxetex\ifxetex.sty"
Package: ifxetex 2010/09/12 v0.6 Provides ifxetex conditional
)
\Gm@cnth=\count107
\Gm@cntv=\count108
\c@Gm@tempcnt=\count109
\Gm@bindingoffset=\dimen112
\Gm@wd@mp=\dimen113
\Gm@odd@mp=\dimen114
\Gm@even@mp=\dimen115
\Gm@layoutwidth=\dimen116
\Gm@layoutheight=\dimen117
\Gm@layouthoffset=\dimen118
\Gm@layoutvoffset=\dimen119
\Gm@dimlist=\toks21

("C:\Program Files\MiKTeX 2.9\tex\latex\geometry\geometry.cfg"))
("C:\Program Files\MiKTeX 2.9\tex\latex\graphics\graphicx.sty"
Package: graphicx 2017/06/01 v1.1a Enhanced LaTeX Graphics (DPC,SPQR)

("C:\Program Files\MiKTeX 2.9\tex\latex\graphics\graphics.sty"
Package: graphics 2017/06/25 v1.2c Standard LaTeX Graphics (DPC,SPQR)

("C:\Program Files\MiKTeX 2.9\tex\latex\graphics\trig.sty"
Package: trig 2016/01/03 v1.10 sin cos tan (DPC)
)
("C:\Program Files\MiKTeX 2.9\tex\latex\graphics-cfg\graphics.cfg"
File: graphics.cfg 2016/06/04 v1.11 sample graphics configuration
)
Package graphics Info: Driver file: pdftex.def on input line 99.

("C:\Program Files\MiKTeX 2.9\tex\latex\graphics-def\pdftex.def"
File: pdftex.def 2017/12/07 v1.0i Graphics/color driver for pdftex
))
\Gin@req@height=\dimen120
\Gin@req@width=\dimen121
)
("C:\Program Files\MiKTeX 2.9\tex\latex\float\float.sty"
Package: float 2001/11/08 v1.3d Float enhancements (AL)
\c@float@type=\count110
\float@exts=\toks22
\float@box=\box28
\@float@everytoks=\toks23
\@floatcapt=\box29
)
("C:\Program Files\MiKTeX 2.9\tex\latex\subfig\subfig.sty"
Package: subfig 2005/06/28 ver: 1.3 subfig package

("C:\Program Files\MiKTeX 2.9\tex\latex\caption\caption.sty"
Package: caption 2016/02/21 v3.3-144 Customizing captions (AR)

("C:\Program Files\MiKTeX 2.9\tex\latex\caption\caption3.sty"
Package: caption3 2016/05/22 v1.7-166 caption3 kernel (AR)
Package caption3 Info: TeX engine: e-TeX on input line 67.
\captionmargin=\dimen122
\captionmargin@=\dimen123
\captionwidth=\dimen124
\caption@tempdima=\dimen125
\caption@indent=\dimen126
\caption@parindent=\dimen127
\caption@hangindent=\dimen128
)
\c@ContinuedFloat=\count111
Package caption Info: float package is loaded.
)
\c@KVtest=\count112
\sf@farskip=\skip47
\sf@captopadj=\dimen129
\sf@capskip=\skip48
\sf@nearskip=\skip49
\c@subfigure=\count113
\c@subfigure@save=\count114
\c@lofdepth=\count115
\c@subtable=\count116
\c@subtable@save=\count117
\c@lotdepth=\count118
\sf@top=\skip50
\sf@bottom=\skip51
)
("C:\Program Files\MiKTeX 2.9\tex\latex\tools\array.sty"
Package: array 2016/10/06 v2.4d Tabular extension package (FMi)
\col@sep=\dimen130
\extrarowheight=\dimen131
\NC@list=\toks24
\extratabsurround=\skip52
\backup@length=\skip53
)
("C:\Program Files\MiKTeX 2.9\tex\latex\multirow\multirow.sty"
Package: multirow 2016/11/25 v2.2 Span multiple rows of a table
\multirow@colwidth=\skip54
\multirow@cntb=\count119
\multirow@dima=\skip55
\bigstrutjot=\dimen132
)
("C:\Program Files\MiKTeX 2.9\tex\latex\booktabs\booktabs.sty"
Package: booktabs 2005/04/14 v1.61803 publication quality tables
\heavyrulewidth=\dimen133
\lightrulewidth=\dimen134
\cmidrulewidth=\dimen135
\belowrulesep=\dimen136
\belowbottomsep=\dimen137
\aboverulesep=\dimen138
\abovetopsep=\dimen139
\cmidrulesep=\dimen140
\cmidrulekern=\dimen141
\defaultaddspace=\dimen142
\@cmidla=\count120
\@cmidlb=\count121
\@aboverulesep=\dimen143
\@belowrulesep=\dimen144
\@thisruleclass=\count122
\@lastruleclass=\count123
\@thisrulewidth=\dimen145
)
("C:\Program Files\MiKTeX 2.9\tex\latex\appendix\appendix.sty"
Package: appendix 2009/09/02 v1.2b extra appendix facilities
\c@@pps=\count124
\c@@ppsavesec=\count125
\c@@ppsaveapp=\count126
)
("C:\Program Files\MiKTeX 2.9\tex\latex\hyperref\hyperref.sty"
Package: hyperref 2017/03/14 v6.85a Hypertext links for LaTeX

("C:\Program Files\MiKTeX 2.9\tex\generic\oberdiek\hobsub-hyperref.sty"
Package: hobsub-hyperref 2016/05/16 v1.14 Bundle oberdiek, subset hyperref (HO)


("C:\Program Files\MiKTeX 2.9\tex\generic\oberdiek\hobsub-generic.sty"
Package: hobsub-generic 2016/05/16 v1.14 Bundle oberdiek, subset generic (HO)
Package: hobsub 2016/05/16 v1.14 Construct package bundles (HO)
Package: infwarerr 2016/05/16 v1.4 Providing info/warning/error messages (HO)
Package: ltxcmds 2016/05/16 v1.23 LaTeX kernel commands for general use (HO)
Package: ifluatex 2016/05/16 v1.4 Provides the ifluatex switch (HO)
Package ifluatex Info: LuaTeX not detected.
Package hobsub Info: Skipping package `ifvtex' (already loaded).
Package: intcalc 2016/05/16 v1.2 Expandable calculations with integers (HO)
Package hobsub Info: Skipping package `ifpdf' (already loaded).
Package: etexcmds 2016/05/16 v1.6 Avoid name clashes with e-TeX commands (HO)
Package etexcmds Info: Could not find \expanded.
(etexcmds)             That can mean that you are not using pdfTeX 1.50 or
(etexcmds)             that some package has redefined \expanded.
(etexcmds)             In the latter case, load this package earlier.
Package: kvsetkeys 2016/05/16 v1.17 Key value parser (HO)
Package: kvdefinekeys 2016/05/16 v1.4 Define keys (HO)
Package: pdftexcmds 2017/03/19 v0.25 Utility functions of pdfTeX for LuaTeX (HO
)
Package pdftexcmds Info: LuaTeX not detected.
Package pdftexcmds Info: \pdf@primitive is available.
Package pdftexcmds Info: \pdf@ifprimitive is available.
Package pdftexcmds Info: \pdfdraftmode found.
Package: pdfescape 2016/05/16 v1.14 Implements pdfTeX's escape features (HO)
Package: bigintcalc 2016/05/16 v1.4 Expandable calculations on big integers (HO
)
Package: bitset 2016/05/16 v1.2 Handle bit-vector datatype (HO)
Package: uniquecounter 2016/05/16 v1.3 Provide unlimited unique counter (HO)
)
Package hobsub Info: Skipping package `hobsub' (already loaded).
Package: letltxmacro 2016/05/16 v1.5 Let assignment for LaTeX macros (HO)
Package: hopatch 2016/05/16 v1.3 Wrapper for package hooks (HO)
Package: xcolor-patch 2016/05/16 xcolor patch
Package: atveryend 2016/05/16 v1.9 Hooks at the very end of document (HO)
Package: atbegshi 2016/06/09 v1.18 At begin shipout hook (HO)
Package: refcount 2016/05/16 v3.5 Data extraction from label references (HO)
Package: hycolor 2016/05/16 v1.8 Color options for hyperref/bookmark (HO)
)
("C:\Program Files\MiKTeX 2.9\tex\latex\oberdiek\auxhook.sty"
Package: auxhook 2016/05/16 v1.4 Hooks for auxiliary files (HO)
)
("C:\Program Files\MiKTeX 2.9\tex\latex\oberdiek\kvoptions.sty"
Package: kvoptions 2016/05/16 v3.12 Key value format for package options (HO)
)
\@linkdim=\dimen146
\Hy@linkcounter=\count127
\Hy@pagecounter=\count128

("C:\Program Files\MiKTeX 2.9\tex\latex\hyperref\pd1enc.def"
File: pd1enc.def 2017/03/14 v6.85a Hyperref: PDFDocEncoding definition (HO)
)
\Hy@SavedSpaceFactor=\count129

("C:\Program Files\MiKTeX 2.9\tex\latex\00miktex\hyperref.cfg"
File: hyperref.cfg 2002/06/06 v1.2 hyperref configuration of TeXLive
)
Package hyperref Info: Option `colorlinks' set `true' on input line 4374.
Package hyperref Info: Hyper figures OFF on input line 4498.
Package hyperref Info: Link nesting OFF on input line 4503.
Package hyperref Info: Hyper index ON on input line 4506.
Package hyperref Info: Plain pages OFF on input line 4513.
Package hyperref Info: Backreferencing OFF on input line 4518.
Package hyperref Info: Implicit mode ON; LaTeX internals redefined.
Package hyperref Info: Bookmarks ON on input line 4751.
\c@Hy@tempcnt=\count130

("C:\Program Files\MiKTeX 2.9\tex\latex\url\url.sty"
\Urlmuskip=\muskip11
Package: url 2013/09/16  ver 3.4  Verb mode for urls, etc.
)
LaTeX Info: Redefining \url on input line 5104.
\XeTeXLinkMargin=\dimen147
\Fld@menulength=\count131
\Field@Width=\dimen148
\Fld@charsize=\dimen149
Package hyperref Info: Hyper figures OFF on input line 6358.
Package hyperref Info: Link nesting OFF on input line 6363.
Package hyperref Info: Hyper index ON on input line 6366.
Package hyperref Info: backreferencing OFF on input line 6373.
Package hyperref Info: Link coloring ON on input line 6376.
Package hyperref Info: Link coloring with OCG OFF on input line 6383.
Package hyperref Info: PDF/A mode OFF on input line 6388.
LaTeX Info: Redefining \ref on input line 6428.
LaTeX Info: Redefining \pageref on input line 6432.
\Hy@abspage=\count132
\c@Item=\count133
\c@Hfootnote=\count134
)

Package hyperref Message: Driver (autodetected): hpdftex.

("C:\Program Files\MiKTeX 2.9\tex\latex\hyperref\hpdftex.def"
File: hpdftex.def 2017/03/14 v6.85a Hyperref driver for pdfTeX
\Fld@listcount=\count135
\c@bookmark@seq@number=\count136

("C:\Program Files\MiKTeX 2.9\tex\latex\oberdiek\rerunfilecheck.sty"
Package: rerunfilecheck 2016/05/16 v1.8 Rerun checks for auxiliary files (HO)
Package uniquecounter Info: New unique counter `rerunfilecheck' on input line 2
82.
)
\Hy@SectionHShift=\skip56
)
("C:\Program Files\MiKTeX 2.9\tex\latex\acronym\acronym.sty"
Package: acronym 2015/03/21 v1.41 Support for acronyms (Tobias Oetiker)

("C:\Program Files\MiKTeX 2.9\tex\latex\bigfoot\suffix.sty"
Package: suffix 2006/07/15 1.5a Variant command support
)
("C:\Program Files\MiKTeX 2.9\tex\latex\xstring\xstring.sty"
("C:\Program Files\MiKTeX 2.9\tex\generic\xstring\xstring.tex"
\@xs@message=\write3
\integerpart=\count137
\decimalpart=\count138
)
Package: xstring 2013/10/13  v1.7c  String manipulations (C Tellechea)
)
\AC@clearlist=\toks25
)
("C:\Program Files\MiKTeX 2.9\tex\latex\algorithms\algorithmic.sty"
Package: algorithmic 2009/08/24 v0.1 Document Style `algorithmic'

("C:\Program Files\MiKTeX 2.9\tex\latex\base\ifthen.sty"
Package: ifthen 2014/09/29 v1.1c Standard LaTeX ifthen package (DPC)
)
\c@ALC@unique=\count139
\c@ALC@line=\count140
\c@ALC@rem=\count141
\c@ALC@depth=\count142
\ALC@tlm=\skip57
\algorithmicindent=\skip58
)
("C:\Program Files\MiKTeX 2.9\tex\latex\algorithms\algorithm.sty"
Package: algorithm 2009/08/24 v0.1 Document Style `algorithm' - floating enviro
nment
\@float@every@algorithm=\toks26
\c@algorithm=\count143
)
Package csquotes Info: Checking for multilingual support...
Package csquotes Info: ... none found.

(bachelor.aux (GUC_TitlePage.aux) (acknowledgments.aux) (abstract.aux)
(introduction.aux) (background.aux

LaTeX Warning: Label `Fig:7' multiply defined.


LaTeX Warning: Label `bg:subsub5' multiply defined.


LaTeX Warning: Label `Fig:7' multiply defined.


LaTeX Warning: Label `Fig:9' multiply defined.


LaTeX Warning: Label `Fig:9' multiply defined.

) (methodology.aux

LaTeX Warning: Label `meth:subsub7' multiply defined.

) (results.aux) (conclusion.aux) (future_work.aux) (appendix.aux))
\openout1 = `bachelor.aux'.

LaTeX Font Info:    Checking defaults for OML/cmm/m/it on input line 82.
LaTeX Font Info:    ... okay on input line 82.
LaTeX Font Info:    Checking defaults for T1/cmr/m/n on input line 82.
LaTeX Font Info:    ... okay on input line 82.
LaTeX Font Info:    Checking defaults for OT1/cmr/m/n on input line 82.
LaTeX Font Info:    ... okay on input line 82.
LaTeX Font Info:    Checking defaults for OMS/cmsy/m/n on input line 82.
LaTeX Font Info:    ... okay on input line 82.
LaTeX Font Info:    Checking defaults for OMX/cmex/m/n on input line 82.
LaTeX Font Info:    ... okay on input line 82.
LaTeX Font Info:    Checking defaults for U/cmr/m/n on input line 82.
LaTeX Font Info:    ... okay on input line 82.
LaTeX Font Info:    Checking defaults for PD1/pdf/m/n on input line 82.
LaTeX Font Info:    ... okay on input line 82.

*geometry* driver: auto-detecting
*geometry* detected driver: pdftex
*geometry* verbose mode - [ preamble ] result:
* driver: pdftex
* paper: a4paper
* layout: <same size as paper>
* layoutoffset:(h,v)=(0.0pt,0.0pt)
* modes: twoside 
* h-part:(L,W,R)=(42.67912pt, 512.14963pt, 42.67912pt)
* v-part:(T,H,B)=(42.67912pt, 759.6886pt, 42.67912pt)
* \paperwidth=597.50787pt
* \paperheight=845.04684pt
* \textwidth=512.14963pt
* \textheight=759.6886pt
* \oddsidemargin=-29.59087pt
* \evensidemargin=-29.59087pt
* \topmargin=-61.46466pt
* \headheight=12.0pt
* \headsep=19.8738pt
* \topskip=12.0pt
* \footskip=30.0pt
* \marginparwidth=88.0pt
* \marginparsep=7.0pt
* \columnsep=10.0pt
* \skip\footins=10.8pt plus 4.0pt minus 2.0pt
* \hoffset=0.0pt
* \voffset=0.0pt
* \mag=1000
* \@twocolumnfalse
* \@twosidetrue
* \@mparswitchtrue
* \@reversemarginfalse
* (1in=72.27pt=25.4mm, 1cm=28.453pt)

("C:\Program Files\MiKTeX 2.9\tex\context\base\supp-pdf.mkii"
[Loading MPS to PDF converter (version 2006.09.02).]
\scratchcounter=\count144
\scratchdimen=\dimen150
\scratchbox=\box30
\nofMPsegments=\count145
\nofMParguments=\count146
\everyMPshowfont=\toks27
\MPscratchCnt=\count147
\MPscratchDim=\dimen151
\MPnumerator=\count148
\makeMPintoPDFobject=\count149
\everyMPtoPDFconversion=\toks28
) ("C:\Program Files\MiKTeX 2.9\tex\latex\oberdiek\epstopdf-base.sty"
Package: epstopdf-base 2016/05/15 v2.6 Base part for package epstopdf

("C:\Program Files\MiKTeX 2.9\tex\latex\oberdiek\grfext.sty"
Package: grfext 2016/05/16 v1.2 Manage graphics extensions (HO)
)
Package epstopdf-base Info: Redefining graphics rule for `.eps' on input line 4
38.
Package grfext Info: Graphics extension search list:
(grfext)             [.pdf,.png,.jpg,.mps,.jpeg,.jbig2,.jb2,.PDF,.PNG,.JPG,.JPE
G,.JBIG2,.JB2,.eps]
(grfext)             \AppendGraphicsExtensions on input line 456.
)
Package caption Info: Begin \AtBeginDocument code.
Package caption Info: subfig package v1.3 is loaded.
Package caption Info: hyperref package is loaded.
Package caption Info: End \AtBeginDocument code.
\AtBeginShipoutBox=\box31

("C:\Program Files\MiKTeX 2.9\tex\latex\graphics\color.sty"
Package: color 2016/07/10 v1.1e Standard LaTeX Color (DPC)

("C:\Program Files\MiKTeX 2.9\tex\latex\graphics-cfg\color.cfg"
File: color.cfg 2016/01/02 v1.6 sample color configuration
)
Package color Info: Driver file: pdftex.def on input line 147.
)
Package hyperref Info: Link coloring ON on input line 82.

("C:\Program Files\MiKTeX 2.9\tex\latex\hyperref\nameref.sty"
Package: nameref 2016/05/21 v2.44 Cross-referencing by name of section

("C:\Program Files\MiKTeX 2.9\tex\generic\oberdiek\gettitlestring.sty"
Package: gettitlestring 2016/05/16 v1.5 Cleanup title references (HO)
)
\c@section@level=\count150
)
LaTeX Info: Redefining \ref on input line 82.
LaTeX Info: Redefining \pageref on input line 82.
LaTeX Info: Redefining \nameref on input line 82.

(bachelor.out) (bachelor.out)
\@outlinefile=\write4
\openout4 = `bachelor.out'.

\openout2 = `GUC_TitlePage.aux'.

 (GUC_TitlePage.tex
Package epstopdf Info: Source file: <GUC-logo-ss.eps>
(epstopdf)                    date: 2009-08-12 12:10:58
(epstopdf)                    size: 23913 bytes
(epstopdf)             Output file: <GUC-logo-ss-eps-converted-to.pdf>
(epstopdf)                    date: 2019-05-02 11:43:36
(epstopdf)                    size: 7029 bytes
(epstopdf)             Command: <epstopdf --outfile=GUC-logo-ss-eps-converted-t
o.pdf GUC-logo-ss.eps>
(epstopdf)             \includegraphics on input line 35.
Package epstopdf Info: Output file is already uptodate.


pdfTeX warning: pdflatex.exe (file ./GUC-logo-ss-eps-converted-to.pdf): PDF inc
lusion: found PDF version <1.7>, but at most version <1.5> allowed
<GUC-logo-ss-eps-converted-to.pdf, id=151, 271.0125pt x 259.97125pt>
File: GUC-logo-ss-eps-converted-to.pdf Graphic file (type pdf)
<use GUC-logo-ss-eps-converted-to.pdf>
Package pdftex.def Info: GUC-logo-ss-eps-converted-to.pdf  used on input line 3
5.
(pdftex.def)             Requested size: 71.13188pt x 68.23355pt.
[1


{C:/Users/MaggieEzzat/AppData/Local/MiKTeX/2.9/pdftex/config/pdftex.map} <./GUC
-logo-ss-eps-converted-to.pdf>] [2

]
Package epstopdf Info: Source file: <GUC-logo-ss.eps>
(epstopdf)                    date: 2009-08-12 12:10:58
(epstopdf)                    size: 23913 bytes
(epstopdf)             Output file: <GUC-logo-ss-eps-converted-to.pdf>
(epstopdf)                    date: 2019-05-02 11:43:36
(epstopdf)                    size: 7029 bytes
(epstopdf)             Command: <epstopdf --outfile=GUC-logo-ss-eps-converted-t
o.pdf GUC-logo-ss.eps>
(epstopdf)             \includegraphics on input line 37.
Package epstopdf Info: Output file is already uptodate.
File: GUC-logo-ss-eps-converted-to.pdf Graphic file (type pdf)
<use GUC-logo-ss-eps-converted-to.pdf>
Package pdftex.def Info: GUC-logo-ss-eps-converted-to.pdf  used on input line 3
7.
(pdftex.def)             Requested size: 71.13188pt x 68.23355pt.
 [3

] [4

])
\openout2 = `acknowledgments.aux'.

 (acknowledgments.tex) [5




]
\openout2 = `abstract.aux'.


(abstract.tex [6



]) [7] [8


] (bachelor.toc
Package acronym Info: Label `acro:ASR' newly defined as it shall be overridden
although it is yet undefined on input line 15.
 [9])
\tf@toc=\write5
\openout5 = `bachelor.toc'.

 [10]
\openout2 = `introduction.aux'.

 (introduction.tex
Chapter 1.
) [1



]
\openout2 = `background.aux'.

 (background.tex [2



]
Chapter 2.
Package acronym Info: Label `acro:NLP' newly defined as it shall be overridden
although it is yet undefined on input line 11.
Package acronym Info: Label `acro:NLG' newly defined as it shall be overridden
although it is yet undefined on input line 11.
Package acronym Info: Label `acro:NLU' newly defined as it shall be overridden
although it is yet undefined on input line 11.
Package acronym Info: Label `acro:ANN' newly defined as it shall be overridden
although it is yet undefined on input line 21.
<images/neuron.png, id=264, 594.22pt x 366.36874pt>
File: images/neuron.png Graphic file (type png)
<use images/neuron.png>
Package pdftex.def Info: images/neuron.png  used on input line 28.
(pdftex.def)             Requested size: 409.72125pt x 252.62698pt.

LaTeX Warning: Citation `A critical review of recurrent neural networks for seq
uence learning' on page 3 undefined on input line 28.


LaTeX Warning: Citation `A critical review of recurrent neural networks for seq
uence learning' on page 3 undefined on input line 28.

LaTeX Font Info:    Try loading font information for U+dsrom on input line 31.
("C:\Program Files\MiKTeX 2.9\tex\latex\doublestroke\udsrom.fd"
File: Udsrom.fd 1995/08/01 v0.1 Double stroke roman font definitions
)
Package acronym Info: Label `acro:FNN' newly defined as it shall be overridden
although it is yet undefined on input line 39.
Package acronym Info: Label `acro:MLP' newly defined as it shall be overridden
although it is yet undefined on input line 39.
 [3]
<images/simple_nn.png, id=300, 282.05376pt x 264.99pt>
File: images/simple_nn.png Graphic file (type png)
<use images/simple_nn.png>
Package pdftex.def Info: images/simple_nn.png  used on input line 42.
(pdftex.def)             Requested size: 204.85672pt x 192.46663pt.
 [4 <./images/neuron.png> <./images/simple_nn.png>]
Missing character: There is no ‚ in font cmr12!
Missing character: There is no Ä in font cmr12!
Missing character: There is no ú in font cmr12!
Missing character: There is no ‚ in font cmr12!
Missing character: There is no Ä in font cmr12!
Missing character: There is no ù in font cmr12!
<images/RNN.png, id=323, 1606.0pt x 421.575pt>
File: images/RNN.png Graphic file (type png)
<use images/RNN.png>
Package pdftex.def Info: images/RNN.png  used on input line 64.
(pdftex.def)             Requested size: 409.72125pt x 107.54845pt.
Package acronym Info: Label `acro:RNN' newly defined as it shall be overridden
although it is yet undefined on input line 66.
Package acronym Info: Label `acro:BPTT' newly defined as it shall be overridden

although it is yet undefined on input line 70.
 [5 <./images/RNN.png>]
Package acronym Info: Label `acro:BRNN' newly defined as it shall be overridden

although it is yet undefined on input line 86.
<images/bidirectional.png, id=357, 690.9012pt x 332.9238pt>
File: images/bidirectional.png Graphic file (type png)
<use images/bidirectional.png>
Package pdftex.def Info: images/bidirectional.png  used on input line 105.
(pdftex.def)             Requested size: 460.93153pt x 222.1129pt.
Package acronym Info: Label `acro:LSTM' newly defined as it shall be overridden

although it is yet undefined on input line 114.
 [6]
<images/LSTM1.png, id=389, 824.07875pt x 511.9125pt>
File: images/LSTM1.png Graphic file (type png)
<use images/LSTM1.png>
Package pdftex.def Info: images/LSTM1.png  used on input line 156.
(pdftex.def)             Requested size: 409.72125pt x 254.51837pt.
Package acronym Info: Label `acro:HMM' newly defined as it shall be overridden
although it is yet undefined on input line 179.
 [7 <./images/bidirectional.png>]
<images/asr_colored.png, id=409, 595.023pt x 542.9886pt>
File: images/asr_colored.png Graphic file (type png)
<use images/asr_colored.png>
Package pdftex.def Info: images/asr_colored.png  used on input line 185.
(pdftex.def)             Requested size: 409.72125pt x 373.90028pt.
 [8 <./images/LSTM1.png>]
<images/mfcc_colored.png, id=426, 682.7106pt x 520.8258pt>
File: images/mfcc_colored.png Graphic file (type png)
<use images/mfcc_colored.png>
Package pdftex.def Info: images/mfcc_colored.png  used on input line 208.
(pdftex.def)             Requested size: 409.72125pt x 312.57736pt.
Package acronym Info: Label `acro:MFCC' newly defined as it shall be overridden

although it is yet undefined on input line 210.
Package acronym Info: Label `acro:FFT' newly defined as it shall be overridden
although it is yet undefined on input line 212.
Package acronym Info: Label `acro:DCT' newly defined as it shall be overridden
although it is yet undefined on input line 214.
 [9 <./images/asr_colored.png>]
Package acronym Info: Label `acro:FSM' newly defined as it shall be overridden
although it is yet undefined on input line 220.

[10 <./images/mfcc_colored.png>]

LaTeX Warning: Reference `eq:25' on page 11 undefined on input line 248.

[11]
Package acronym Info: Label `acro:CTC' newly defined as it shall be overridden
although it is yet undefined on input line 286.
 [12]
<images/deepspeech2.png, id=509, 481.04718pt x 462.22687pt>
File: images/deepspeech2.png Graphic file (type png)
<use images/deepspeech2.png>
Package pdftex.def Info: images/deepspeech2.png  used on input line 327.
(pdftex.def)             Requested size: 409.72125pt x 393.69873pt.
Package acronym Info: Label `acro:CNN' newly defined as it shall be overridden
although it is yet undefined on input line 329.
Package acronym Info: Label `acro:BERT' newly defined as it shall be overridden

although it is yet undefined on input line 351.
 [13] [14 <./images/deepspeech2.png>]
<images/encoder-decoder.png, id=548, 828.2142pt x 346.4142pt>
File: images/encoder-decoder.png Graphic file (type png)
<use images/encoder-decoder.png>
Package pdftex.def Info: images/encoder-decoder.png  used on input line 367.
(pdftex.def)             Requested size: 409.72125pt x 171.37248pt.
 [15 <./images/encoder-decoder.png>]
<images/attention.png, id=577, 597.9138pt x 482.7636pt>
File: images/attention.png Graphic file (type png)
<use images/attention.png>
Package pdftex.def Info: images/attention.png  used on input line 402.
(pdftex.def)             Requested size: 409.72125pt x 330.81628pt.
 [16 <./images/attention.png>]
<images/transformer.png, id=597, 740.5266pt x 332.442pt>
File: images/transformer.png Graphic file (type png)
<use images/transformer.png>
Package pdftex.def Info: images/transformer.png  used on input line 455.
(pdftex.def)             Requested size: 409.72125pt x 183.93935pt.
 [17]
<images/weights.png, id=614, 444.91219pt x 406.51875pt>
File: images/weights.png Graphic file (type png)
<use images/weights.png>
Package pdftex.def Info: images/weights.png  used on input line 478.
(pdftex.def)             Requested size: 256.07481pt x 233.97597pt.

Underfull \vbox (badness 10000) has occurred while \output is active []

 [18 <./images/transformer.png> <./images/weights.png>] [19]
<images/bert_input.png, id=665, 682.04813pt x 215.30438pt>
File: images/bert_input.png Graphic file (type png)
<use images/bert_input.png>
Package pdftex.def Info: images/bert_input.png  used on input line 513.
(pdftex.def)             Requested size: 512.14963pt x 161.68156pt.
Package acronym Info: Label `acro:MLM' newly defined as it shall be overridden
although it is yet undefined on input line 521.

Underfull \hbox (badness 10000) in paragraph at lines 522--531

 []


Underfull \hbox (badness 10000) in paragraph at lines 522--531

 []

[20 <./images/bert_input.png>]) [21]
\openout2 = `methodology.aux'.

 (methodology.tex [22



]
Chapter 3.

Package hyperref Warning: Option `colorlinks' has already been used,
(hyperref)                setting the option has no effect on input line 10.

<images/my_system.png, id=693, 268.8444pt x 521.7894pt>
File: images/my_system.png Graphic file (type png)
<use images/my_system.png>
Package pdftex.def Info: images/my_system.png  used on input line 14.
(pdftex.def)             Requested size: 204.85672pt x 397.59114pt.
[23 <./images/my_system.png>]
Package acronym Info: Label `acro:GMM' newly defined as it shall be overridden
although it is yet undefined on input line 30.
Package acronym Info: Label `acro:TDNN' newly defined as it shall be overridden

although it is yet undefined on input line 30.
Package acronym Info: Label `acro:SWC' newly defined as it shall be overridden
although it is yet undefined on input line 30.
Package acronym Info: Label `acro:WER' newly defined as it shall be overridden
although it is yet undefined on input line 30.
 [24] [25] [26]
Package acronym Info: Label `acro:TPU' newly defined as it shall be overridden
although it is yet undefined on input line 143.
Package acronym Info: Label `acro:ASIC' newly defined as it shall be overridden

although it is yet undefined on input line 143.
Package acronym Info: Label `acro:HBM' newly defined as it shall be overridden
although it is yet undefined on input line 149.
Package acronym Info: Label `acro:XLA' newly defined as it shall be overridden
although it is yet undefined on input line 149.
Package acronym Info: Label `acro:VM' newly defined as it shall be overridden
although it is yet undefined on input line 156.
Package acronym Info: Label `acro:GRU' newly defined as it shall be overridden
although it is yet undefined on input line 158.
 [27]
<images/training.png, id=870, 702.625pt x 451.6875pt>
File: images/training.png Graphic file (type png)
<use images/training.png>
Package pdftex.def Info: images/training.png  used on input line 195.
(pdftex.def)             Requested size: 460.93153pt x 296.3227pt.
<images/trainingep19.png, id=871, 944.7797pt x 449.42906pt>
File: images/trainingep19.png Graphic file (type png)
<use images/trainingep19.png>
Package pdftex.def Info: images/trainingep19.png  used on input line 197.
(pdftex.def)             Requested size: 460.93153pt x 219.26894pt.
Package acronym Info: Label `acro:CER' newly defined as it shall be overridden
although it is yet undefined on input line 200.
 [28]

LaTeX Warning: Reference `milde2018open' on page 29 undefined on input line 217
.


LaTeX Warning: Reference `eq:25' on page 29 undefined on input line 226.

[29] [30 <./images/training.png>]
Package acronym Info: Label `acro:Tensor2Tensor' newly defined as it shall be o
verridden
although it is yet undefined on input line 244.


Package acronym Warning: Acronym `Tensor2Tensor' is not defined on input line 2
44.


Package acronym Warning: Acronym `Tensor2Tensor' is not defined on input line 2
44.


Underfull \hbox (badness 10000) in paragraph at lines 256--256
[][][][][]$\OT1/cmtt/m/n/10 http : / / ltdata1 . informatik . uni-[]hamburg . d
e / kaldi _ tuda _ de / de _ 400k _ nnet3chain _ tdnn1f _ 2048 _ sp _ bi .
 []

[31 <./images/trainingep19.png>]
Package acronym Info: Label `acro:MRPC' newly defined as it shall be overridden

although it is yet undefined on input line 272.
 [32] [33]
Underfull \hbox (badness 10000) in paragraph at lines 288--288
[][][][][]$\OT1/cmtt/m/n/10 https : / / github . com / tensorflow / tensor2tens
or / blob / master / tensor2tensor / data _ generators / text _
 []

[34]) [35]
\openout2 = `results.aux'.

 (results.tex [36



]
Chapter 4.
) [37]
\openout2 = `conclusion.aux'.

 (conclusion.tex [38



]
Chapter 5.
) [39]
\openout2 = `future_work.aux'.

 (future_work.tex [40



]
Chapter 6.
) [41]
\openout2 = `appendix.aux'.

 (appendix.tex [42



]
Appendix A.

Package hyperref Warning: The anchor of a bookmark and its parent's must not
(hyperref)                be the same. Added a new anchor on input line 9.

[43

] [44] (bachelor.lof

LaTeX Warning: Citation `A critical review of recurrent neural networks for seq
uence learning' on page 45 undefined on input line 3.


Overfull \hbox (2.12149pt too wide) in paragraph at lines 17--17
 [][] [][][]\OT1/cmr/m/n/12 Automated Dis-patcher Ac-tions Sys-tem com-pris-ing
 two sub-systems: Au-to-matic Speech 
 []

)
\tf@lof=\write6
\openout6 = `bachelor.lof'.

) [45


] (bachelor.bbl [46


] [47])
Package atveryend Info: Empty hook `BeforeClearDocument' on input line 117.
 [48]
Package atveryend Info: Empty hook `AfterLastShipout' on input line 117.
 (bachelor.aux (GUC_TitlePage.aux)
(acknowledgments.aux) (abstract.aux) (introduction.aux) (background.aux)
(methodology.aux) (results.aux) (conclusion.aux) (future_work.aux)
(appendix.aux))
Package atveryend Info: Executing hook `AtVeryEndDocument' on input line 117.
Package atveryend Info: Executing hook `AtEndAfterFileList' on input line 117.
Package rerunfilecheck Info: File `bachelor.out' has not changed.
(rerunfilecheck)             Checksum: 5E1C8C2D75A762C42F5CAEF0B3C22E98;2501.


LaTeX Warning: There were undefined references.


LaTeX Warning: There were multiply-defined labels.

 ) 
Here is how much of TeX's memory you used:
 10096 strings out of 493308
 148916 string characters out of 3138750
 272609 words of memory out of 3000000
 13104 multiletter control sequences out of 15000+200000
 12788 words of font info for 50 fonts, out of 3000000 for 9000
 1141 hyphenation exceptions out of 8191
 44i,15n,48p,2107b,524s stack positions out of 5000i,500n,10000p,200000b,50000s
<C:/Program Files/MiKTeX 2.9/fonts/type1/public/amsfonts/cm/cmbx12.pfb><C:/Pr
ogram Files/MiKTeX 2.9/fonts/type1/public/amsfonts/cm/cmbx8.pfb><C:/Program Fil
es/MiKTeX 2.9/fonts/type1/public/amsfonts/cm/cmex10.pfb><C:/Program Files/MiKTe
X 2.9/fonts/type1/public/amsfonts/cmextra/cmex8.pfb><C:/Program Files/MiKTeX 2.
9/fonts/type1/public/amsfonts/cm/cmmi12.pfb><C:/Program Files/MiKTeX 2.9/fonts/
type1/public/amsfonts/cm/cmmi6.pfb><C:/Program Files/MiKTeX 2.9/fonts/type1/pub
lic/amsfonts/cm/cmmi8.pfb><C:/Program Files/MiKTeX 2.9/fonts/type1/public/amsfo
nts/cm/cmr12.pfb><C:/Program Files/MiKTeX 2.9/fonts/type1/public/amsfonts/cm/cm
r6.pfb><C:/Program Files/MiKTeX 2.9/fonts/type1/public/amsfonts/cm/cmr7.pfb><C:
/Program Files/MiKTeX 2.9/fonts/type1/public/amsfonts/cm/cmr8.pfb><C:/Program F
iles/MiKTeX 2.9/fonts/type1/public/amsfonts/cm/cmsl12.pfb><C:/Program Files/MiK
TeX 2.9/fonts/type1/public/amsfonts/cm/cmsy10.pfb><C:/Program Files/MiKTeX 2.9/
fonts/type1/public/amsfonts/cm/cmsy6.pfb><C:/Program Files/MiKTeX 2.9/fonts/typ
e1/public/amsfonts/cm/cmsy8.pfb><C:/Program Files/MiKTeX 2.9/fonts/type1/public
/amsfonts/cm/cmti12.pfb><C:/Program Files/MiKTeX 2.9/fonts/type1/public/amsfont
s/cm/cmtt10.pfb><C:/Program Files/MiKTeX 2.9/fonts/type1/public/amsfonts/cm/cmt
t12.pfb><C:/Program Files/MiKTeX 2.9/fonts/type1/public/doublestroke/dsrom12.pf
b>
Output written on bachelor.pdf (58 pages, 1285270 bytes).
PDF statistics:
 1266 PDF objects out of 1440 (max. 8388607)
 312 named destinations out of 1000 (max. 500000)
 382 words of extra memory for PDF output out of 10000 (max. 10000000)

